Removed Pin From Net: NetName=NetJ2_18 Pin=J2-18
Removed Pin From Net: NetName=NetJ2_18 Pin=J3-2
Removed Pin From Net: NetName=NetJ2_18 Pin=J4-2
Removed Pin From Net: NetName=NetJ2_18 Pin=J5-2
Removed Pin From Net: NetName=NetC2_2 Pin=J6-1
Removed Pin From Net: NetName=NetJ2_18 Pin=U1-3
Change Component Designator: OldDesignator=Reg NewDesignator=Regulator
Added Component: Designator=J10(FP-M20-9990246-MFG)
Add component (AddParameter): Name = "Automotive"; Value = "No"; VariantName = "[No Variations]"
Add component (AddParameter): Name = "Category"; Value = "Conn"; VariantName = "[No Variations]"
Add component (AddParameter): Name = "ComponentLink2Description"; Value = "Datasheet"; VariantName = "[No Variations]"
Add component (AddParameter): Name = "ComponentLink2URL"; Value = "https://cdn.harwin.com/pdfs/M20-999.pdf"; VariantName = "[No Variations]"
Add component (AddParameter): Name = "Conn Gender"; Value = "Male"; VariantName = "[No Variations]"
Add component (AddParameter): Name = "Conn Orientation"; Value = "Vertical"; VariantName = "[No Variations]"
Add component (AddParameter): Name = "Contact Material"; Value = "Tin,Nickel"; VariantName = "[No Variations]"
Add component (AddParameter): Name = "Current Rating"; Value = "3A"; VariantName = "[No Variations]"
Add component (AddParameter): Name = "Device Class L1"; Value = "Connectors"; VariantName = "[No Variations]"
Add component (AddParameter): Name = "Device Class L2"; Value = "Headers and Wire Housings"; VariantName = "[No Variations]"
Add component (AddParameter): Name = "Device Class L3"; Value = "unset"; VariantName = "[No Variations]"
Add component (AddParameter): Name = "Digikey Description"; Value = "CONN HEADER VERT 2POS 2.54MM"; VariantName = "[No Variations]"
Add component (AddParameter): Name = "Height"; Value = "8.99mm"; VariantName = "[No Variations]"
Add component (AddParameter): Name = "Lead Free"; Value = "Yes"; VariantName = "[No Variations]"
Add component (AddParameter): Name = "Manufacturer"; Value = "Harwin"; VariantName = "[No Variations]"
Add component (AddParameter): Name = "Manufacturer Part Number"; Value = "M20-9990246"; VariantName = "[No Variations]"
Add component (AddParameter): Name = "Mouser Description"; Value = "2.54mm (0.1") Pitch SIL Vertical PC Tail Pin Header, 6.1mm mating pin height, tin, 2 contacts"; VariantName = "[No Variations]"
Add component (AddParameter): Name = "Number Of Contacts"; Value = "2"; VariantName = "[No Variations]"
Add component (AddParameter): Name = "Number Of Rows"; Value = "1"; VariantName = "[No Variations]"
Add component (AddParameter): Name = "Octopart"; Value = "https://octopart.com/m20-9990246-harwin-2590635"; VariantName = "[No Variations]"
Add component (AddParameter): Name = "Package"; Value = "M20-9990246"; VariantName = "[No Variations]"
Add component (AddParameter): Name = "Pitch"; Value = "2.54mm"; VariantName = "[No Variations]"
Add component (AddParameter): Name = "RoHS"; Value = "TRUE"; VariantName = "[No Variations]"
Add component (AddParameter): Name = "Temperature"; Value = "-40°C to +105°C"; VariantName = "[No Variations]"
Add component (AddParameter): Name = "Temperature Range High"; Value = "+105°C"; VariantName = "[No Variations]"
Add component (AddParameter): Name = "Temperature Range Low"; Value = "-40°C"; VariantName = "[No Variations]"
Added Component: Designator=J11(TECO-640456-6_V)
Add component (AddParameter): Name = "Agency Approvals"; Value = "CSA,UL"; VariantName = "[No Variations]"
Add component (AddParameter): Name = "Angle"; Value = "Straight"; VariantName = "[No Variations]"
Add component (AddParameter): Name = "Brand/Series"; Value = "MTA-100Series"; VariantName = "[No Variations]"
Add component (AddParameter): Name = "Color"; Value = "White"; VariantName = "[No Variations]"
Add component (AddParameter): Name = "Color, Housing"; Value = "White"; VariantName = "[No Variations]"
Add component (AddParameter): Name = "Connector Type"; Value = "MTA-100"; VariantName = "[No Variations]"
Add component (AddParameter): Name = "Contact Centerline Spacing"; Value = "0.100

in."; VariantName = "[No Variations]"
Add component (AddParameter): Name = "Contact Mating Area Plating"; Value = "Tin"; VariantName = "[No Variations]"
Add component (AddParameter): Name = "Contact Plating"; Value = "Tin"; VariantName = "[No Variations]"
Add component (AddParameter): Name = "Contact Shape"; Value = "Square"; VariantName = "[No Variations]"
Add component (AddParameter): Name = "Contact Termination Area Plating"; Value = "Tin"; VariantName = "[No Variations]"
Add component (AddParameter): Name = "Current, Rating"; Value = "5

A"; VariantName = "[No Variations]"
Add component (AddParameter): Name = "Datasheet URL"; Value = "https://datasheet.ciiva.com/25618/0900766b80eb7fdd-25618163.pdf"; VariantName = "[No Variations]"
Add component (AddParameter): Name = "Datasheet Version"; Value = "Rev. W, 05/2005"; VariantName = "[No Variations]"
Add component (AddParameter): Name = "Flammability Rating"; Value = "UL94V-0"; VariantName = "[No Variations]"
Add component (AddParameter): Name = "Length, Overall"; Value = "0.6

""; VariantName = "[No Variations]"
Add component (AddParameter): Name = "Length, Pin"; Value = "0.14

""; VariantName = "[No Variations]"
Add component (AddParameter): Name = "Length, Terminal Post"; Value = "0.14

in."; VariantName = "[No Variations]"
Add component (AddParameter): Name = "Manufacturer"; Value = "TE Connectivity"; VariantName = "[No Variations]"
Add component (AddParameter): Name = "Manufacturer URL"; Value = "http://www.te.com/"; VariantName = "[No Variations]"
Add component (AddParameter): Name = "Material, Contact"; Value = "CopperAlloy"; VariantName = "[No Variations]"
Add component (AddParameter): Name = "Material, Housing"; Value = "Polyester"; VariantName = "[No Variations]"
Add component (AddParameter): Name = "Mount Angle"; Value = "Vertical"; VariantName = "[No Variations]"
Add component (AddParameter): Name = "Mounting Hole Size"; Value = "0.04

""; VariantName = "[No Variations]"
Add component (AddParameter): Name = "Mounting Technology"; Value = "ThroughHole"; VariantName = "[No Variations]"
Add component (AddParameter): Name = "Mounting Type"; Value = "PCMount"; VariantName = "[No Variations]"
Add component (AddParameter): Name = "Number of Contacts"; Value = "6"; VariantName = "[No Variations]"
Add component (AddParameter): Name = "Number of Positions"; Value = "6"; VariantName = "[No Variations]"
Add component (AddParameter): Name = "Number of Rows"; Value = "1"; VariantName = "[No Variations]"
Add component (AddParameter): Name = "Package Description"; Value = "Male Header, Pitch 2.54 mm, 1 x 6 Position, Height 10.03 mm, Tail Length 3.56 mm"; VariantName = "[No Variations]"
Add component (AddParameter): Name = "Package Reference"; Value = "640456-6"; VariantName = "[No Variations]"
Add component (AddParameter): Name = "Pin Spacing"; Value = "0.1

""; VariantName = "[No Variations]"
Add component (AddParameter): Name = "Primary Type"; Value = "InterconnectSystem"; VariantName = "[No Variations]"
Add component (AddParameter): Name = "Size, Post"; Value = "0.025

in."; VariantName = "[No Variations]"
Add component (AddParameter): Name = "Special Features"; Value = "Pinstrip"; VariantName = "[No Variations]"
Add component (AddParameter): Name = "Standards"; Value = "RoHSCompliant,ELVCompliant,UL94V-0"; VariantName = "[No Variations]"
Add component (AddParameter): Name = "Temperature, Operating"; Value = "-55to+105

°C"; VariantName = "[No Variations]"
Add component (AddParameter): Name = "Termination"; Value = "Solder"; VariantName = "[No Variations]"
Add component (AddParameter): Name = "Type"; Value = "PCBPlug"; VariantName = "[No Variations]"
Add component (AddParameter): Name = "Voltage, Rating"; Value = "250

V"; VariantName = "[No Variations]"
Added Component: Designator=J12(TECO-640456-6_V)
Add component (AddParameter): Name = "Agency Approvals"; Value = "CSA,UL"; VariantName = "[No Variations]"
Add component (AddParameter): Name = "Angle"; Value = "Straight"; VariantName = "[No Variations]"
Add component (AddParameter): Name = "Brand/Series"; Value = "MTA-100Series"; VariantName = "[No Variations]"
Add component (AddParameter): Name = "Color"; Value = "White"; VariantName = "[No Variations]"
Add component (AddParameter): Name = "Color, Housing"; Value = "White"; VariantName = "[No Variations]"
Add component (AddParameter): Name = "Connector Type"; Value = "MTA-100"; VariantName = "[No Variations]"
Add component (AddParameter): Name = "Contact Centerline Spacing"; Value = "0.100

in."; VariantName = "[No Variations]"
Add component (AddParameter): Name = "Contact Mating Area Plating"; Value = "Tin"; VariantName = "[No Variations]"
Add component (AddParameter): Name = "Contact Plating"; Value = "Tin"; VariantName = "[No Variations]"
Add component (AddParameter): Name = "Contact Shape"; Value = "Square"; VariantName = "[No Variations]"
Add component (AddParameter): Name = "Contact Termination Area Plating"; Value = "Tin"; VariantName = "[No Variations]"
Add component (AddParameter): Name = "Current, Rating"; Value = "5

A"; VariantName = "[No Variations]"
Add component (AddParameter): Name = "Datasheet URL"; Value = "https://datasheet.ciiva.com/25618/0900766b80eb7fdd-25618163.pdf"; VariantName = "[No Variations]"
Add component (AddParameter): Name = "Datasheet Version"; Value = "Rev. W, 05/2005"; VariantName = "[No Variations]"
Add component (AddParameter): Name = "Flammability Rating"; Value = "UL94V-0"; VariantName = "[No Variations]"
Add component (AddParameter): Name = "Length, Overall"; Value = "0.6

""; VariantName = "[No Variations]"
Add component (AddParameter): Name = "Length, Pin"; Value = "0.14

""; VariantName = "[No Variations]"
Add component (AddParameter): Name = "Length, Terminal Post"; Value = "0.14

in."; VariantName = "[No Variations]"
Add component (AddParameter): Name = "Manufacturer"; Value = "TE Connectivity"; VariantName = "[No Variations]"
Add component (AddParameter): Name = "Manufacturer URL"; Value = "http://www.te.com/"; VariantName = "[No Variations]"
Add component (AddParameter): Name = "Material, Contact"; Value = "CopperAlloy"; VariantName = "[No Variations]"
Add component (AddParameter): Name = "Material, Housing"; Value = "Polyester"; VariantName = "[No Variations]"
Add component (AddParameter): Name = "Mount Angle"; Value = "Vertical"; VariantName = "[No Variations]"
Add component (AddParameter): Name = "Mounting Hole Size"; Value = "0.04

""; VariantName = "[No Variations]"
Add component (AddParameter): Name = "Mounting Technology"; Value = "ThroughHole"; VariantName = "[No Variations]"
Add component (AddParameter): Name = "Mounting Type"; Value = "PCMount"; VariantName = "[No Variations]"
Add component (AddParameter): Name = "Number of Contacts"; Value = "6"; VariantName = "[No Variations]"
Add component (AddParameter): Name = "Number of Positions"; Value = "6"; VariantName = "[No Variations]"
Add component (AddParameter): Name = "Number of Rows"; Value = "1"; VariantName = "[No Variations]"
Add component (AddParameter): Name = "Package Description"; Value = "Male Header, Pitch 2.54 mm, 1 x 6 Position, Height 10.03 mm, Tail Length 3.56 mm"; VariantName = "[No Variations]"
Add component (AddParameter): Name = "Package Reference"; Value = "640456-6"; VariantName = "[No Variations]"
Add component (AddParameter): Name = "Pin Spacing"; Value = "0.1

""; VariantName = "[No Variations]"
Add component (AddParameter): Name = "Primary Type"; Value = "InterconnectSystem"; VariantName = "[No Variations]"
Add component (AddParameter): Name = "Size, Post"; Value = "0.025

in."; VariantName = "[No Variations]"
Add component (AddParameter): Name = "Special Features"; Value = "Pinstrip"; VariantName = "[No Variations]"
Add component (AddParameter): Name = "Standards"; Value = "RoHSCompliant,ELVCompliant,UL94V-0"; VariantName = "[No Variations]"
Add component (AddParameter): Name = "Temperature, Operating"; Value = "-55to+105

°C"; VariantName = "[No Variations]"
Add component (AddParameter): Name = "Termination"; Value = "Solder"; VariantName = "[No Variations]"
Add component (AddParameter): Name = "Type"; Value = "PCBPlug"; VariantName = "[No Variations]"
Add component (AddParameter): Name = "Voltage, Rating"; Value = "250

V"; VariantName = "[No Variations]"
Added Pin To Net: NetName=GND Pin=J1-18
Added Pin To Net: NetName=GND Pin=J2-18
Added Pin To Net: NetName=GND Pin=J3-2
Added Pin To Net: NetName=GND Pin=J4-2
Added Pin To Net: NetName=GND Pin=J5-2
Added Pin To Net: NetName=NetC1_1 Pin=J6-1
Added Pin To Net: NetName=NetC1_2 Pin=J10-1
Added Pin To Net: NetName=NetJ8_1 Pin=J10-2
Added Pin To Net: NetName=NetC2_2 Pin=J11-1
Added Pin To Net: NetName=NetC2_2 Pin=J11-2
Added Pin To Net: NetName=NetC2_2 Pin=J11-3
Added Pin To Net: NetName=NetC2_2 Pin=J11-4
Added Pin To Net: NetName=NetC2_2 Pin=J11-5
Added Pin To Net: NetName=NetC2_2 Pin=J11-6
Added Pin To Net: NetName=GND Pin=J12-1
Added Pin To Net: NetName=GND Pin=J12-2
Added Pin To Net: NetName=GND Pin=J12-3
Added Pin To Net: NetName=GND Pin=J12-4
Added Pin To Net: NetName=GND Pin=J12-5
Added Pin To Net: NetName=GND Pin=J12-6
Added Pin To Net: NetName=GND Pin=U1-3
Added Pin To Net: NetName=GND Pin=U1-4
Change Net Name : Old Net Name=NetC1_1 New Net Name=9V
Change Net Name : Old Net Name=NetC2_2 New Net Name=5V
Change Net Name : Old Net Name=NetJ2_18 New Net Name=9V_POST
Change Net Name : Old Net Name=NetR1_1 New Net Name=SPEAKER_DRVR
Added Pin To Net: NetName=START_BTN_DRVR Pin=R3-1
Added Pin To Net: NetName=START_BTN_DRVR Pin=U1-20
Added Net: Name=START_BTN_DRVR
Added Member To Class: ClassName=schematic Member=Component J2 Header 20
Added Member To Class: ClassName=schematic Member=Component J10 M20-9990246
Added Member To Class: ClassName=schematic Member=Component J11 640456-6
Added Member To Class: ClassName=schematic Member=Component J12 640456-6
Added Room: Name=schematic
