Added Component: Designator=U1(ATMEGA2650 Embed)
Added Pin To Net: NetName=NetJ6_2 Pin=U1-1
Added Pin To Net: NetName=NetJ6_2 Pin=U1-2
Added Pin To Net: NetName=NetJ2_18 Pin=U1-3
Added Pin To Net: NetName=NetJ1_18 Pin=U1-4
Added Pin To Net: NetName=GND Pin=U1-16
Added Pin To Net: NetName=NetR1_1 Pin=U1-25
Added Pin To Net: NetName=NetR2_1 Pin=U1-26
Added Pin To Net: NetName=NetJ4_5 Pin=U1-27
Added Pin To Net: NetName=NetJ4_6 Pin=U1-28
Added Pin To Net: NetName=NetJ4_3 Pin=U1-29
Added Pin To Net: NetName=NetJ4_4 Pin=U1-30
Added Pin To Net: NetName=NetJ3_6 Pin=U1-31
Added Pin To Net: NetName=NetR3_1 Pin=U1-32
Added Pin To Net: NetName=NetJ5_4 Pin=U1-33
Added Pin To Net: NetName=NetJ5_5 Pin=U1-34
Added Pin To Net: NetName=NetJ3_5 Pin=U1-35
Added Pin To Net: NetName=NetJ5_3 Pin=U1-36
Added Pin To Net: NetName=NetJ3_3 Pin=U1-37
Added Pin To Net: NetName=NetJ3_4 Pin=U1-38
Added Pin To Net: NetName=NetJ1_2 Pin=U1-39
Added Pin To Net: NetName=NetJ2_2 Pin=U1-40
Added Pin To Net: NetName=NetJ1_3 Pin=U1-41
Added Pin To Net: NetName=NetJ2_3 Pin=U1-42
Added Pin To Net: NetName=NetJ1_4 Pin=U1-43
Added Pin To Net: NetName=NetJ2_4 Pin=U1-44
Added Pin To Net: NetName=NetJ1_5 Pin=U1-45
Added Pin To Net: NetName=NetJ2_5 Pin=U1-46
Added Pin To Net: NetName=NetJ1_6 Pin=U1-47
Added Pin To Net: NetName=NetJ2_6 Pin=U1-48
Added Pin To Net: NetName=NetR4_1 Pin=U1-50
Added Pin To Net: NetName=NetJ2_7 Pin=U1-65
Added Pin To Net: NetName=NetJ1_7 Pin=U1-66
Added Pin To Net: NetName=NetJ2_8 Pin=U1-67
Added Pin To Net: NetName=NetJ1_8 Pin=U1-68
Added Pin To Net: NetName=NetJ2_9 Pin=U1-69
Added Pin To Net: NetName=NetJ1_9 Pin=U1-70
Added Pin To Net: NetName=NetJ2_10 Pin=U1-71
Added Pin To Net: NetName=NetJ1_10 Pin=U1-72
Added Pin To Net: NetName=NetJ2_11 Pin=U1-73
Added Pin To Net: NetName=NetJ1_11 Pin=U1-74
Added Pin To Net: NetName=NetJ2_12 Pin=U1-75
Added Pin To Net: NetName=NetJ1_12 Pin=U1-76
Added Pin To Net: NetName=NetJ2_13 Pin=U1-77
Added Pin To Net: NetName=NetJ1_13 Pin=U1-78
Added Pin To Net: NetName=NetJ2_14 Pin=U1-79
Added Pin To Net: NetName=NetJ1_14 Pin=U1-80
Added Pin To Net: NetName=NetJ2_15 Pin=U1-81
Added Pin To Net: NetName=NetJ1_15 Pin=U1-82
Added Pin To Net: NetName=NetJ2_16 Pin=U1-83
Added Pin To Net: NetName=NetJ1_16 Pin=U1-84
Added Pin To Net: NetName=NetJ2_17 Pin=U1-85
Added Pin To Net: NetName=NetJ1_17 Pin=U1-86
Added Member To Class: ClassName=schematic Member=Component U1 ATMega2650 Embed
